# JRE version: OpenJDK Runtime Environment (17.0.6) (build 17.0.6+0-b2043.56-9586694)
# Java VM: OpenJDK 64-Bit Server VM (17.0.6+0-b2043.56-9586694, mixed mode, tiered, compressed oops, compressed class ptrs, g1 gc, windows-amd64)
GC Precious Log:
 CPUs: 8 total, 8 available
 Memory: 8067M
 Large Page Support: Disabled
 NUMA Support: Disabled
 Compressed Oops: Enabled (32-bit)
 Heap Region Size: 1M
 Heap Min Capacity: 8M
 Heap Initial Capacity: 128M
 Heap Max Capacity: 2G
 Pre-touch: Disabled
 Parallel Workers: 8
 Concurrent Workers: 2
 Concurrent Refinement Workers: 8
 Periodic GC: Disabled
Heap:
 garbage-first heap   total 186368K, used 142420K [0x0000000080000000, 0x0000000100000000)
  region size 1024K, 61 young (62464K), 5 survivors (5120K)
 Metaspace       used 82545K, committed 83264K, reserved 1122304K
  class space    used 11110K, committed 11456K, reserved 1048576K
GC Heap History (20 events):
Event: 9.694 GC heap before
{Heap before GC invocations=21 (full 0):
 garbage-first heap   total 110592K, used 78251K [0x0000000080000000, 0x0000000100000000)
  region size 1024K, 27 young (27648K), 1 survivors (1024K)
 Metaspace       used 58933K, committed 59328K, reserved 1105920K
  class space    used 7740K, committed 7936K, reserved 1048576K
}
Event: 9.698 GC heap after
{Heap after GC invocations=22 (full 0):
 garbage-first heap   total 110592K, used 53605K [0x0000000080000000, 0x0000000100000000)
  region size 1024K, 2 young (2048K), 2 survivors (2048K)
 Metaspace       used 58933K, committed 59328K, reserved 1105920K
  class space    used 7740K, committed 7936K, reserved 1048576K
}
Event: 10.362 GC heap before
{Heap before GC invocations=23 (full 0):
 garbage-first heap   total 110592K, used 80229K [0x0000000080000000, 0x0000000100000000)
  region size 1024K, 29 young (29696K), 2 survivors (2048K)
 Metaspace       used 63422K, committed 63872K, reserved 1105920K
  class space    used 8301K, committed 8512K, reserved 1048576K
}
Event: 10.369 GC heap after
{Heap after GC invocations=24 (full 0):
 garbage-first heap   total 110592K, used 56820K [0x0000000080000000, 0x0000000100000000)
  region size 1024K, 4 young (4096K), 4 survivors (4096K)
 Metaspace       used 63422K, committed 63872K, reserved 1105920K
  class space    used 8301K, committed 8512K, reserved 1048576K
}
Event: 10.391 GC heap before
{Heap before GC invocations=24 (full 0):
 garbage-first heap   total 110592K, used 57844K [0x0000000080000000, 0x0000000100000000)
  region size 1024K, 5 young (5120K), 4 survivors (4096K)
 Metaspace       used 63574K, committed 64000K, reserved 1105920K
  class space    used 8315K, committed 8512K, reserved 1048576K
}
Event: 10.397 GC heap after
{Heap after GC invocations=25 (full 0):
 garbage-first heap   total 110592K, used 56994K [0x0000000080000000, 0x0000000100000000)
  region size 1024K, 1 young (1024K), 1 survivors (1024K)
 Metaspace       used 63574K, committed 64000K, reserved 1105920K
  class space    used 8315K, committed 8512K, reserved 1048576K
}
Event: 10.885 GC heap before
{Heap before GC invocations=25 (full 0):
 garbage-first heap   total 110592K, used 84642K [0x0000000080000000, 0x0000000100000000)
  region size 1024K, 27 young (27648K), 1 survivors (1024K)
 Metaspace       used 65920K, committed 66368K, reserved 1114112K
  class space    used 8589K, committed 8768K, reserved 1048576K
}
Event: 10.889 GC heap after
{Heap after GC invocations=26 (full 0):
 garbage-first heap   total 110592K, used 59305K [0x0000000080000000, 0x0000000100000000)
  region size 1024K, 3 young (3072K), 3 survivors (3072K)
 Metaspace       used 65920K, committed 66368K, reserved 1114112K
  class space    used 8589K, committed 8768K, reserved 1048576K
}
Event: 11.476 GC heap before
{Heap before GC invocations=27 (full 0):
 garbage-first heap   total 110592K, used 83881K [0x0000000080000000, 0x0000000100000000)
  region size 1024K, 28 young (28672K), 3 survivors (3072K)
 Metaspace       used 68560K, committed 68992K, reserved 1114112K
  class space    used 8937K, committed 9152K, reserved 1048576K
}
Event: 11.482 GC heap after
{Heap after GC invocations=28 (full 0):
 garbage-first heap   total 110592K, used 60267K [0x0000000080000000, 0x0000000100000000)
  region size 1024K, 2 young (2048K), 2 survivors (2048K)
 Metaspace       used 68560K, committed 68992K, reserved 1114112K
  class space    used 8937K, committed 9152K, reserved 1048576K
}
Event: 11.744 GC heap before
{Heap before GC invocations=28 (full 0):
 garbage-first heap   total 110592K, used 86891K [0x0000000080000000, 0x0000000100000000)
  region size 1024K, 28 young (28672K), 2 survivors (2048K)
 Metaspace       used 68863K, committed 69312K, reserved 1114112K
  class space    used 8972K, committed 9152K, reserved 1048576K
}
Event: 11.750 GC heap after
{Heap after GC invocations=29 (full 0):
 garbage-first heap   total 186368K, used 62963K [0x0000000080000000, 0x0000000100000000)
  region size 1024K, 4 young (4096K), 4 survivors (4096K)
 Metaspace       used 68863K, committed 69312K, reserved 1114112K
  class space    used 8972K, committed 9152K, reserved 1048576K
}
Event: 13.529 GC heap before
{Heap before GC invocations=30 (full 0):
 garbage-first heap   total 186368K, used 139763K [0x0000000080000000, 0x0000000100000000)
  region size 1024K, 79 young (80896K), 4 survivors (4096K)
 Metaspace       used 77122K, committed 77632K, reserved 1122304K
  class space    used 10313K, committed 10560K, reserved 1048576K
}
Event: 13.541 GC heap after
{Heap after GC invocations=31 (full 0):
 garbage-first heap   total 186368K, used 68422K [0x0000000080000000, 0x0000000100000000)
  region size 1024K, 10 young (10240K), 10 survivors (10240K)
 Metaspace       used 77122K, committed 77632K, reserved 1122304K
  class space    used 10313K, committed 10560K, reserved 1048576K
}
Event: 13.578 GC heap before
{Heap before GC invocations=31 (full 0):
 garbage-first heap   total 186368K, used 69446K [0x0000000080000000, 0x0000000100000000)
  region size 1024K, 11 young (11264K), 10 survivors (10240K)
 Metaspace       used 77181K, committed 77760K, reserved 1122304K
  class space    used 10321K, committed 10624K, reserved 1048576K
}
Event: 13.590 GC heap after
{Heap after GC invocations=32 (full 0):
 garbage-first heap   total 186368K, used 68719K [0x0000000080000000, 0x0000000100000000)
  region size 1024K, 2 young (2048K), 2 survivors (2048K)
 Metaspace       used 77181K, committed 77760K, reserved 1122304K
  class space    used 10321K, committed 10624K, reserved 1048576K
}
Event: 15.420 GC heap before
{Heap before GC invocations=32 (full 0):
 garbage-first heap   total 186368K, used 142447K [0x0000000080000000, 0x0000000100000000)
  region size 1024K, 74 young (75776K), 2 survivors (2048K)
 Metaspace       used 79380K, committed 80064K, reserved 1122304K
  class space    used 10631K, committed 10944K, reserved 1048576K
}
Event: 15.441 GC heap after
{Heap after GC invocations=33 (full 0):
 garbage-first heap   total 186368K, used 81228K [0x0000000080000000, 0x0000000100000000)
  region size 1024K, 10 young (10240K), 10 survivors (10240K)
 Metaspace       used 79380K, committed 80064K, reserved 1122304K
  class space    used 10631K, committed 10944K, reserved 1048576K
}
Event: 23.530 GC heap before
{Heap before GC invocations=33 (full 0):
 garbage-first heap   total 186368K, used 142668K [0x0000000080000000, 0x0000000100000000)
  region size 1024K, 70 young (71680K), 10 survivors (10240K)
 Metaspace       used 82013K, committed 82688K, reserved 1122304K
  class space    used 11072K, committed 11392K, reserved 1048576K
}
Event: 23.545 GC heap after
{Heap after GC invocations=34 (full 0):
 garbage-first heap   total 186368K, used 86100K [0x0000000080000000, 0x0000000100000000)
  region size 1024K, 5 young (5120K), 5 survivors (5120K)
 Metaspace       used 82013K, committed 82688K, reserved 1122304K
  class space    used 11072K, committed 11392K, reserved 1048576K
}

