# JRE version: OpenJDK Runtime Environment (11.0.13) (build 11.0.13+0-b1751.21-8125866)
# Java VM: OpenJDK 64-Bit Server VM (11.0.13+0-b1751.21-8125866, mixed mode, tiered, compressed oops, g1 gc, windows-amd64)
Heap:
 garbage-first heap   total 436224K, used 344547K [0x0000000080000000, 0x0000000100000000)
  region size 1024K, 85 young (87040K), 4 survivors (4096K)
 Metaspace       used 148591K, capacity 152771K, committed 152860K, reserved 1183744K
  class space    used 17776K, capacity 19304K, committed 19328K, reserved 1048576K
GC Heap History (20 events):
Event: 7636.979 GC heap before
{Heap before GC invocations=121 (full 0):
 garbage-first heap   total 436224K, used 310679K [0x0000000080000000, 0x0000000100000000)
  region size 1024K, 98 young (100352K), 11 survivors (11264K)
 Metaspace       used 131887K, capacity 135529K, committed 135708K, reserved 1167360K
  class space    used 16121K, capacity 17449K, committed 17536K, reserved 1048576K
}
Event: 7637.000 GC heap after
{Heap after GC invocations=122 (full 0):
 garbage-first heap   total 436224K, used 228624K [0x0000000080000000, 0x0000000100000000)
  region size 1024K, 6 young (6144K), 6 survivors (6144K)
 Metaspace       used 131887K, capacity 135529K, committed 135708K, reserved 1167360K
  class space    used 16121K, capacity 17449K, committed 17536K, reserved 1048576K
}
Event: 7637.268 GC heap before
{Heap before GC invocations=122 (full 0):
 garbage-first heap   total 436224K, used 243984K [0x0000000080000000, 0x0000000100000000)
  region size 1024K, 21 young (21504K), 6 survivors (6144K)
 Metaspace       used 131942K, capacity 135574K, committed 135708K, reserved 1167360K
  class space    used 16128K, capacity 17485K, committed 17536K, reserved 1048576K
}
Event: 7637.279 GC heap after
{Heap after GC invocations=123 (full 0):
 garbage-first heap   total 436224K, used 223231K [0x0000000080000000, 0x0000000100000000)
  region size 1024K, 2 young (2048K), 2 survivors (2048K)
 Metaspace       used 131942K, capacity 135574K, committed 135708K, reserved 1167360K
  class space    used 16128K, capacity 17485K, committed 17536K, reserved 1048576K
}
Event: 7641.489 GC heap before
{Heap before GC invocations=123 (full 0):
 garbage-first heap   total 436224K, used 317439K [0x0000000080000000, 0x0000000100000000)
  region size 1024K, 95 young (97280K), 2 survivors (2048K)
 Metaspace       used 132534K, capacity 136287K, committed 136604K, reserved 1169408K
  class space    used 16182K, capacity 17591K, committed 17664K, reserved 1048576K
}
Event: 7641.498 GC heap after
{Heap after GC invocations=124 (full 0):
 garbage-first heap   total 436224K, used 225753K [0x0000000080000000, 0x0000000100000000)
  region size 1024K, 5 young (5120K), 5 survivors (5120K)
 Metaspace       used 132534K, capacity 136287K, committed 136604K, reserved 1169408K
  class space    used 16182K, capacity 17591K, committed 17664K, reserved 1048576K
}
Event: 7666.989 GC heap before
{Heap before GC invocations=125 (full 0):
 garbage-first heap   total 436224K, used 327129K [0x0000000080000000, 0x0000000100000000)
  region size 1024K, 105 young (107520K), 5 survivors (5120K)
 Metaspace       used 135237K, capacity 139206K, committed 139292K, reserved 1171456K
  class space    used 16540K, capacity 18024K, committed 18048K, reserved 1048576K
}
Event: 7666.999 GC heap after
{Heap after GC invocations=126 (full 0):
 garbage-first heap   total 436224K, used 227506K [0x0000000080000000, 0x0000000100000000)
  region size 1024K, 6 young (6144K), 6 survivors (6144K)
 Metaspace       used 135237K, capacity 139206K, committed 139292K, reserved 1171456K
  class space    used 16540K, capacity 18024K, committed 18048K, reserved 1048576K
}
Event: 7667.294 GC heap before
{Heap before GC invocations=126 (full 0):
 garbage-first heap   total 436224K, used 243890K [0x0000000080000000, 0x0000000100000000)
  region size 1024K, 21 young (21504K), 6 survivors (6144K)
 Metaspace       used 135279K, capacity 139228K, committed 139292K, reserved 1171456K
  class space    used 16547K, capacity 18029K, committed 18048K, reserved 1048576K
}
Event: 7667.306 GC heap after
{Heap after GC invocations=127 (full 0):
 garbage-first heap   total 436224K, used 229360K [0x0000000080000000, 0x0000000100000000)
  region size 1024K, 3 young (3072K), 3 survivors (3072K)
 Metaspace       used 135279K, capacity 139228K, committed 139292K, reserved 1171456K
  class space    used 16547K, capacity 18029K, committed 18048K, reserved 1048576K
}
Event: 7667.505 GC heap before
{Heap before GC invocations=127 (full 0):
 garbage-first heap   total 436224K, used 243696K [0x0000000080000000, 0x0000000100000000)
  region size 1024K, 18 young (18432K), 3 survivors (3072K)
 Metaspace       used 135400K, capacity 139406K, committed 139548K, reserved 1171456K
  class space    used 16560K, capacity 18038K, committed 18048K, reserved 1048576K
}
Event: 7667.511 GC heap after
{Heap after GC invocations=128 (full 0):
 garbage-first heap   total 436224K, used 227667K [0x0000000080000000, 0x0000000100000000)
  region size 1024K, 2 young (2048K), 2 survivors (2048K)
 Metaspace       used 135400K, capacity 139406K, committed 139548K, reserved 1171456K
  class space    used 16560K, capacity 18038K, committed 18048K, reserved 1048576K
}
Event: 7667.987 GC heap before
{Heap before GC invocations=129 (full 0):
 garbage-first heap   total 436224K, used 244051K [0x0000000080000000, 0x0000000100000000)
  region size 1024K, 16 young (16384K), 2 survivors (2048K)
 Metaspace       used 138432K, capacity 142529K, committed 142748K, reserved 1173504K
  class space    used 16863K, capacity 18378K, committed 18432K, reserved 1048576K
}
Event: 7667.993 GC heap after
{Heap after GC invocations=130 (full 0):
 garbage-first heap   total 436224K, used 231619K [0x0000000080000000, 0x0000000100000000)
  region size 1024K, 3 young (3072K), 3 survivors (3072K)
 Metaspace       used 138432K, capacity 142529K, committed 142748K, reserved 1173504K
  class space    used 16863K, capacity 18378K, committed 18432K, reserved 1048576K
}
Event: 7670.780 GC heap before
{Heap before GC invocations=131 (full 0):
 garbage-first heap   total 436224K, used 361667K [0x0000000080000000, 0x0000000100000000)
  region size 1024K, 122 young (124928K), 3 survivors (3072K)
 Metaspace       used 144171K, capacity 148333K, committed 148380K, reserved 1179648K
  class space    used 17422K, capacity 18937K, committed 18944K, reserved 1048576K
}
Event: 7670.803 GC heap after
{Heap after GC invocations=132 (full 0):
 garbage-first heap   total 436224K, used 258191K [0x0000000080000000, 0x0000000100000000)
  region size 1024K, 16 young (16384K), 16 survivors (16384K)
 Metaspace       used 144171K, capacity 148333K, committed 148380K, reserved 1179648K
  class space    used 17422K, capacity 18937K, committed 18944K, reserved 1048576K
}
Event: 7670.854 GC heap before
{Heap before GC invocations=132 (full 0):
 garbage-first heap   total 436224K, used 263311K [0x0000000080000000, 0x0000000100000000)
  region size 1024K, 21 young (21504K), 16 survivors (16384K)
 Metaspace       used 144192K, capacity 148334K, committed 148380K, reserved 1179648K
  class space    used 17422K, capacity 18937K, committed 18944K, reserved 1048576K
}
Event: 7670.870 GC heap after
{Heap after GC invocations=133 (full 0):
 garbage-first heap   total 436224K, used 259816K [0x0000000080000000, 0x0000000100000000)
  region size 1024K, 2 young (2048K), 2 survivors (2048K)
 Metaspace       used 144192K, capacity 148334K, committed 148380K, reserved 1179648K
  class space    used 17422K, capacity 18937K, committed 18944K, reserved 1048576K
}
Event: 7671.360 GC heap before
{Heap before GC invocations=133 (full 0):
 garbage-first heap   total 436224K, used 299752K [0x0000000080000000, 0x0000000100000000)
  region size 1024K, 42 young (43008K), 2 survivors (2048K)
 Metaspace       used 145555K, capacity 149743K, committed 149788K, reserved 1179648K
  class space    used 17511K, capacity 19043K, committed 19072K, reserved 1048576K
}
Event: 7671.370 GC heap after
{Heap after GC invocations=134 (full 0):
 garbage-first heap   total 436224K, used 261603K [0x0000000080000000, 0x0000000100000000)
  region size 1024K, 4 young (4096K), 4 survivors (4096K)
 Metaspace       used 145555K, capacity 149743K, committed 149788K, reserved 1179648K
  class space    used 17511K, capacity 19043K, committed 19072K, reserved 1048576K
}

