# JRE version: OpenJDK Runtime Environment (11.0.13) (build 11.0.13+0-b1751.21-8125866)
# Java VM: OpenJDK 64-Bit Server VM (11.0.13+0-b1751.21-8125866, mixed mode, tiered, compressed oops, g1 gc, windows-amd64)
Heap:
 garbage-first heap   total 227328K, used 164422K [0x0000000080000000, 0x0000000100000000)
  region size 1024K, 8 young (8192K), 1 survivors (1024K)
 Metaspace       used 121847K, capacity 126188K, committed 126364K, reserved 1159168K
  class space    used 15749K, capacity 17398K, committed 17432K, reserved 1048576K
GC Heap History (20 events):
Event: 45.133 GC heap before
{Heap before GC invocations=39 (full 0):
 garbage-first heap   total 227328K, used 193037K [0x0000000080000000, 0x0000000100000000)
  region size 1024K, 61 young (62464K), 6 survivors (6144K)
 Metaspace       used 113255K, capacity 117094K, committed 117276K, reserved 1150976K
  class space    used 14637K, capacity 16137K, committed 16280K, reserved 1048576K
}
Event: 45.145 GC heap after
{Heap after GC invocations=40 (full 0):
 garbage-first heap   total 227328K, used 140003K [0x0000000080000000, 0x0000000100000000)
  region size 1024K, 5 young (5120K), 5 survivors (5120K)
 Metaspace       used 113255K, capacity 117094K, committed 117276K, reserved 1150976K
  class space    used 14637K, capacity 16137K, committed 16280K, reserved 1048576K
}
Event: 46.253 GC heap before
{Heap before GC invocations=41 (full 0):
 garbage-first heap   total 227328K, used 192227K [0x0000000080000000, 0x0000000100000000)
  region size 1024K, 58 young (59392K), 5 survivors (5120K)
 Metaspace       used 116540K, capacity 120540K, committed 120860K, reserved 1153024K
  class space    used 15138K, capacity 16698K, committed 16792K, reserved 1048576K
}
Event: 46.266 GC heap after
{Heap after GC invocations=42 (full 0):
 garbage-first heap   total 227328K, used 144091K [0x0000000080000000, 0x0000000100000000)
  region size 1024K, 7 young (7168K), 7 survivors (7168K)
 Metaspace       used 116540K, capacity 120540K, committed 120860K, reserved 1153024K
  class space    used 15138K, capacity 16698K, committed 16792K, reserved 1048576K
}
Event: 136.545 GC heap before
{Heap before GC invocations=43 (full 0):
 garbage-first heap   total 227328K, used 211675K [0x0000000080000000, 0x0000000100000000)
  region size 1024K, 55 young (56320K), 7 survivors (7168K)
 Metaspace       used 117716K, capacity 121740K, committed 122012K, reserved 1155072K
  class space    used 15281K, capacity 16819K, committed 16920K, reserved 1048576K
}
Event: 136.579 GC heap after
{Heap after GC invocations=44 (full 0):
 garbage-first heap   total 227328K, used 148157K [0x0000000080000000, 0x0000000100000000)
  region size 1024K, 5 young (5120K), 5 survivors (5120K)
 Metaspace       used 117716K, capacity 121740K, committed 122012K, reserved 1155072K
  class space    used 15281K, capacity 16819K, committed 16920K, reserved 1048576K
}
Event: 137.771 GC heap before
{Heap before GC invocations=44 (full 0):
 garbage-first heap   total 227328K, used 194237K [0x0000000080000000, 0x0000000100000000)
  region size 1024K, 50 young (51200K), 5 survivors (5120K)
 Metaspace       used 118057K, capacity 122093K, committed 122268K, reserved 1155072K
  class space    used 15297K, capacity 16848K, committed 16920K, reserved 1048576K
}
Event: 137.880 GC heap after
{Heap after GC invocations=45 (full 0):
 garbage-first heap   total 227328K, used 156672K [0x0000000080000000, 0x0000000100000000)
  region size 1024K, 7 young (7168K), 7 survivors (7168K)
 Metaspace       used 118057K, capacity 122093K, committed 122268K, reserved 1155072K
  class space    used 15297K, capacity 16848K, committed 16920K, reserved 1048576K
}
Event: 139.878 GC heap before
{Heap before GC invocations=46 (full 0):
 garbage-first heap   total 227328K, used 192512K [0x0000000080000000, 0x0000000100000000)
  region size 1024K, 42 young (43008K), 7 survivors (7168K)
 Metaspace       used 118362K, capacity 122518K, committed 122780K, reserved 1155072K
  class space    used 15305K, capacity 16865K, committed 16920K, reserved 1048576K
}
Event: 139.921 GC heap after
{Heap after GC invocations=47 (full 0):
 garbage-first heap   total 227328K, used 166021K [0x0000000080000000, 0x0000000100000000)
  region size 1024K, 6 young (6144K), 6 survivors (6144K)
 Metaspace       used 118362K, capacity 122518K, committed 122780K, reserved 1155072K
  class space    used 15305K, capacity 16865K, committed 16920K, reserved 1048576K
}
Event: 139.992 GC heap before
{Heap before GC invocations=47 (full 0):
 garbage-first heap   total 227328K, used 170117K [0x0000000080000000, 0x0000000100000000)
  region size 1024K, 11 young (11264K), 6 survivors (6144K)
 Metaspace       used 118389K, capacity 122542K, committed 122780K, reserved 1155072K
  class space    used 15309K, capacity 16873K, committed 16920K, reserved 1048576K
}
Event: 140.041 GC heap after
{Heap after GC invocations=48 (full 0):
 garbage-first heap   total 227328K, used 147909K [0x0000000080000000, 0x0000000100000000)
  region size 1024K, 2 young (2048K), 2 survivors (2048K)
 Metaspace       used 118389K, capacity 122542K, committed 122780K, reserved 1155072K
  class space    used 15309K, capacity 16873K, committed 16920K, reserved 1048576K
}
Event: 140.319 GC heap before
{Heap before GC invocations=48 (full 0):
 garbage-first heap   total 227328K, used 157125K [0x0000000080000000, 0x0000000100000000)
  region size 1024K, 11 young (11264K), 2 survivors (2048K)
 Metaspace       used 118509K, capacity 122695K, committed 122908K, reserved 1155072K
  class space    used 15337K, capacity 16924K, committed 17048K, reserved 1048576K
}
Event: 140.364 GC heap after
{Heap after GC invocations=49 (full 0):
 garbage-first heap   total 227328K, used 138680K [0x0000000080000000, 0x0000000100000000)
  region size 1024K, 2 young (2048K), 2 survivors (2048K)
 Metaspace       used 118509K, capacity 122695K, committed 122908K, reserved 1155072K
  class space    used 15337K, capacity 16924K, committed 17048K, reserved 1048576K
}
Event: 141.616 GC heap before
{Heap before GC invocations=49 (full 0):
 garbage-first heap   total 227328K, used 172472K [0x0000000080000000, 0x0000000100000000)
  region size 1024K, 36 young (36864K), 2 survivors (2048K)
 Metaspace       used 118977K, capacity 123270K, committed 123420K, reserved 1155072K
  class space    used 15390K, capacity 17018K, committed 17048K, reserved 1048576K
}
Event: 141.641 GC heap after
{Heap after GC invocations=50 (full 0):
 garbage-first heap   total 227328K, used 141803K [0x0000000080000000, 0x0000000100000000)
  region size 1024K, 6 young (6144K), 6 survivors (6144K)
 Metaspace       used 118977K, capacity 123270K, committed 123420K, reserved 1155072K
  class space    used 15390K, capacity 17018K, committed 17048K, reserved 1048576K
}
Event: 142.650 GC heap before
{Heap before GC invocations=51 (full 0):
 garbage-first heap   total 227328K, used 180715K [0x0000000080000000, 0x0000000100000000)
  region size 1024K, 43 young (44032K), 6 survivors (6144K)
 Metaspace       used 120109K, capacity 124380K, committed 124572K, reserved 1157120K
  class space    used 15513K, capacity 17136K, committed 17176K, reserved 1048576K
}
Event: 142.675 GC heap after
{Heap after GC invocations=52 (full 0):
 garbage-first heap   total 227328K, used 159951K [0x0000000080000000, 0x0000000100000000)
  region size 1024K, 6 young (6144K), 6 survivors (6144K)
 Metaspace       used 120109K, capacity 124380K, committed 124572K, reserved 1157120K
  class space    used 15513K, capacity 17136K, committed 17176K, reserved 1048576K
}
Event: 142.783 GC heap before
{Heap before GC invocations=52 (full 0):
 garbage-first heap   total 227328K, used 165071K [0x0000000080000000, 0x0000000100000000)
  region size 1024K, 11 young (11264K), 6 survivors (6144K)
 Metaspace       used 120183K, capacity 124444K, committed 124572K, reserved 1157120K
  class space    used 15518K, capacity 17136K, committed 17176K, reserved 1048576K
}
Event: 142.797 GC heap after
{Heap after GC invocations=53 (full 0):
 garbage-first heap   total 227328K, used 158278K [0x0000000080000000, 0x0000000100000000)
  region size 1024K, 1 young (1024K), 1 survivors (1024K)
 Metaspace       used 120183K, capacity 124444K, committed 124572K, reserved 1157120K
  class space    used 15518K, capacity 17136K, committed 17176K, reserved 1048576K
}

