# JRE version: OpenJDK Runtime Environment (17.0.6) (build 17.0.6+0-b2043.56-9586694)
# Java VM: OpenJDK 64-Bit Server VM (17.0.6+0-b2043.56-9586694, mixed mode, tiered, compressed oops, compressed class ptrs, g1 gc, windows-amd64)
GC Precious Log:
 CPUs: 8 total, 8 available
 Memory: 8067M
 Large Page Support: Disabled
 NUMA Support: Disabled
 Compressed Oops: Enabled (32-bit)
 Heap Region Size: 1M
 Heap Min Capacity: 8M
 Heap Initial Capacity: 128M
 Heap Max Capacity: 2G
 Pre-touch: Disabled
 Parallel Workers: 8
 Concurrent Workers: 2
 Concurrent Refinement Workers: 8
 Periodic GC: Disabled
Heap:
 garbage-first heap   total 65536K, used 46252K [0x0000000080000000, 0x0000000100000000)
  region size 1024K, 19 young (19456K), 3 survivors (3072K)
 Metaspace       used 48737K, committed 49088K, reserved 1097728K
  class space    used 6433K, committed 6592K, reserved 1048576K
GC Heap History (20 events):
Event: 4.874 GC heap before
{Heap before GC invocations=0 (full 0):
 garbage-first heap   total 131072K, used 28672K [0x0000000080000000, 0x0000000100000000)
  region size 1024K, 23 young (23552K), 0 survivors (0K)
 Metaspace       used 10232K, committed 10432K, reserved 1064960K
  class space    used 1059K, committed 1152K, reserved 1048576K
}
Event: 4.880 GC heap after
{Heap after GC invocations=1 (full 0):
 garbage-first heap   total 131072K, used 9208K [0x0000000080000000, 0x0000000100000000)
  region size 1024K, 3 young (3072K), 3 survivors (3072K)
 Metaspace       used 10232K, committed 10432K, reserved 1064960K
  class space    used 1059K, committed 1152K, reserved 1048576K
}
Event: 5.233 GC heap before
{Heap before GC invocations=1 (full 0):
 garbage-first heap   total 131072K, used 37880K [0x0000000080000000, 0x0000000100000000)
  region size 1024K, 31 young (31744K), 3 survivors (3072K)
 Metaspace       used 11164K, committed 11328K, reserved 1064960K
  class space    used 1162K, committed 1280K, reserved 1048576K
}
Event: 5.238 GC heap after
{Heap after GC invocations=2 (full 0):
 garbage-first heap   total 131072K, used 13760K [0x0000000080000000, 0x0000000100000000)
  region size 1024K, 4 young (4096K), 4 survivors (4096K)
 Metaspace       used 11164K, committed 11328K, reserved 1064960K
  class space    used 1162K, committed 1280K, reserved 1048576K
}
Event: 11.711 GC heap before
{Heap before GC invocations=2 (full 0):
 garbage-first heap   total 131072K, used 53696K [0x0000000080000000, 0x0000000100000000)
  region size 1024K, 44 young (45056K), 4 survivors (4096K)
 Metaspace       used 21313K, committed 21504K, reserved 1073152K
  class space    used 2658K, committed 2752K, reserved 1048576K
}
Event: 11.719 GC heap after
{Heap after GC invocations=3 (full 0):
 garbage-first heap   total 131072K, used 17521K [0x0000000080000000, 0x0000000100000000)
  region size 1024K, 8 young (8192K), 8 survivors (8192K)
 Metaspace       used 21313K, committed 21504K, reserved 1073152K
  class space    used 2658K, committed 2752K, reserved 1048576K
}
Event: 13.625 GC heap before
{Heap before GC invocations=4 (full 0):
 garbage-first heap   total 65536K, used 48241K [0x0000000080000000, 0x0000000100000000)
  region size 1024K, 38 young (38912K), 8 survivors (8192K)
 Metaspace       used 26616K, committed 26880K, reserved 1073152K
  class space    used 3473K, committed 3584K, reserved 1048576K
}
Event: 13.631 GC heap after
{Heap after GC invocations=5 (full 0):
 garbage-first heap   total 65536K, used 19678K [0x0000000080000000, 0x0000000100000000)
  region size 1024K, 3 young (3072K), 3 survivors (3072K)
 Metaspace       used 26616K, committed 26880K, reserved 1073152K
  class space    used 3473K, committed 3584K, reserved 1048576K
}
Event: 28.797 GC heap before
{Heap before GC invocations=5 (full 0):
 garbage-first heap   total 65536K, used 44254K [0x0000000080000000, 0x0000000100000000)
  region size 1024K, 27 young (27648K), 3 survivors (3072K)
 Metaspace       used 30352K, committed 30656K, reserved 1081344K
  class space    used 4093K, committed 4224K, reserved 1048576K
}
Event: 28.801 GC heap after
{Heap after GC invocations=6 (full 0):
 garbage-first heap   total 65536K, used 20643K [0x0000000080000000, 0x0000000100000000)
  region size 1024K, 4 young (4096K), 4 survivors (4096K)
 Metaspace       used 30352K, committed 30656K, reserved 1081344K
  class space    used 4093K, committed 4224K, reserved 1048576K
}
Event: 29.779 GC heap before
{Heap before GC invocations=6 (full 0):
 garbage-first heap   total 65536K, used 44195K [0x0000000080000000, 0x0000000100000000)
  region size 1024K, 29 young (29696K), 4 survivors (4096K)
 Metaspace       used 35675K, committed 35968K, reserved 1081344K
  class space    used 4774K, committed 4928K, reserved 1048576K
}
Event: 29.784 GC heap after
{Heap after GC invocations=7 (full 0):
 garbage-first heap   total 65536K, used 23041K [0x0000000080000000, 0x0000000100000000)
  region size 1024K, 4 young (4096K), 4 survivors (4096K)
 Metaspace       used 35675K, committed 35968K, reserved 1081344K
  class space    used 4774K, committed 4928K, reserved 1048576K
}
Event: 30.512 GC heap before
{Heap before GC invocations=8 (full 0):
 garbage-first heap   total 65536K, used 46593K [0x0000000080000000, 0x0000000100000000)
  region size 1024K, 28 young (28672K), 4 survivors (4096K)
 Metaspace       used 39182K, committed 39488K, reserved 1089536K
  class space    used 5164K, committed 5312K, reserved 1048576K
}
Event: 30.517 GC heap after
{Heap after GC invocations=9 (full 0):
 garbage-first heap   total 65536K, used 26592K [0x0000000080000000, 0x0000000100000000)
  region size 1024K, 4 young (4096K), 4 survivors (4096K)
 Metaspace       used 39182K, committed 39488K, reserved 1089536K
  class space    used 5164K, committed 5312K, reserved 1048576K
}
Event: 37.358 GC heap before
{Heap before GC invocations=9 (full 0):
 garbage-first heap   total 65536K, used 50144K [0x0000000080000000, 0x0000000100000000)
  region size 1024K, 25 young (25600K), 4 survivors (4096K)
 Metaspace       used 41319K, committed 41664K, reserved 1089536K
  class space    used 5358K, committed 5504K, reserved 1048576K
}
Event: 37.363 GC heap after
{Heap after GC invocations=10 (full 0):
 garbage-first heap   total 65536K, used 28112K [0x0000000080000000, 0x0000000100000000)
  region size 1024K, 3 young (3072K), 3 survivors (3072K)
 Metaspace       used 41319K, committed 41664K, reserved 1089536K
  class space    used 5358K, committed 5504K, reserved 1048576K
}
Event: 49.165 GC heap before
{Heap before GC invocations=10 (full 0):
 garbage-first heap   total 65536K, used 48592K [0x0000000080000000, 0x0000000100000000)
  region size 1024K, 23 young (23552K), 3 survivors (3072K)
 Metaspace       used 43527K, committed 43776K, reserved 1089536K
  class space    used 5720K, committed 5824K, reserved 1048576K
}
Event: 49.169 GC heap after
{Heap after GC invocations=11 (full 0):
 garbage-first heap   total 65536K, used 29871K [0x0000000080000000, 0x0000000100000000)
  region size 1024K, 2 young (2048K), 2 survivors (2048K)
 Metaspace       used 43527K, committed 43776K, reserved 1089536K
  class space    used 5720K, committed 5824K, reserved 1048576K
}
Event: 58.369 GC heap before
{Heap before GC invocations=11 (full 0):
 garbage-first heap   total 65536K, used 51375K [0x0000000080000000, 0x0000000100000000)
  region size 1024K, 22 young (22528K), 2 survivors (2048K)
 Metaspace       used 46638K, committed 47040K, reserved 1089536K
  class space    used 6123K, committed 6336K, reserved 1048576K
}
Event: 58.371 GC heap after
{Heap after GC invocations=12 (full 0):
 garbage-first heap   total 65536K, used 30892K [0x0000000080000000, 0x0000000100000000)
  region size 1024K, 3 young (3072K), 3 survivors (3072K)
 Metaspace       used 46638K, committed 47040K, reserved 1089536K
  class space    used 6123K, committed 6336K, reserved 1048576K
}

