# JRE version: OpenJDK Runtime Environment (11.0.13) (build 11.0.13+0-b1751.21-8125866)
# Java VM: OpenJDK 64-Bit Server VM (11.0.13+0-b1751.21-8125866, mixed mode, tiered, compressed oops, g1 gc, windows-amd64)
Heap:
 garbage-first heap   total 227328K, used 160267K [0x0000000080000000, 0x0000000100000000)
  region size 1024K, 7 young (7168K), 6 survivors (6144K)
 Metaspace       used 109456K, capacity 112806K, committed 113052K, reserved 1146880K
  class space    used 13799K, capacity 15042K, committed 15128K, reserved 1048576K
GC Heap History (20 events):
Event: 21.213 GC heap before
{Heap before GC invocations=32 (full 0):
 garbage-first heap   total 227328K, used 177864K [0x0000000080000000, 0x0000000100000000)
  region size 1024K, 62 young (63488K), 5 survivors (5120K)
 Metaspace       used 97052K, capacity 99886K, committed 101020K, reserved 1136640K
  class space    used 12404K, capacity 13479K, committed 13848K, reserved 1048576K
}
Event: 21.227 GC heap after
{Heap after GC invocations=33 (full 0):
 garbage-first heap   total 227328K, used 125785K [0x0000000080000000, 0x0000000100000000)
  region size 1024K, 8 young (8192K), 8 survivors (8192K)
 Metaspace       used 97052K, capacity 99886K, committed 101020K, reserved 1136640K
  class space    used 12404K, capacity 13479K, committed 13848K, reserved 1048576K
}
Event: 22.263 GC heap before
{Heap before GC invocations=34 (full 0):
 garbage-first heap   total 227328K, used 181081K [0x0000000080000000, 0x0000000100000000)
  region size 1024K, 63 young (64512K), 8 survivors (8192K)
 Metaspace       used 97591K, capacity 100475K, committed 101276K, reserved 1136640K
  class space    used 12468K, capacity 13543K, committed 13848K, reserved 1048576K
}
Event: 22.275 GC heap after
{Heap after GC invocations=35 (full 0):
 garbage-first heap   total 227328K, used 129693K [0x0000000080000000, 0x0000000100000000)
  region size 1024K, 5 young (5120K), 5 survivors (5120K)
 Metaspace       used 97591K, capacity 100475K, committed 101276K, reserved 1136640K
  class space    used 12468K, capacity 13543K, committed 13848K, reserved 1048576K
}
Event: 31.687 GC heap before
{Heap before GC invocations=35 (full 0):
 garbage-first heap   total 227328K, used 183965K [0x0000000080000000, 0x0000000100000000)
  region size 1024K, 59 young (60416K), 5 survivors (5120K)
 Metaspace       used 100249K, capacity 103344K, committed 103708K, reserved 1138688K
  class space    used 12873K, capacity 14041K, committed 14232K, reserved 1048576K
}
Event: 31.693 GC heap after
{Heap after GC invocations=36 (full 0):
 garbage-first heap   total 227328K, used 130409K [0x0000000080000000, 0x0000000100000000)
  region size 1024K, 5 young (5120K), 5 survivors (5120K)
 Metaspace       used 100249K, capacity 103344K, committed 103708K, reserved 1138688K
  class space    used 12873K, capacity 14041K, committed 14232K, reserved 1048576K
}
Event: 32.052 GC heap before
{Heap before GC invocations=37 (full 0):
 garbage-first heap   total 227328K, used 151913K [0x0000000080000000, 0x0000000100000000)
  region size 1024K, 28 young (28672K), 5 survivors (5120K)
 Metaspace       used 100311K, capacity 103359K, committed 103708K, reserved 1138688K
  class space    used 12879K, capacity 14045K, committed 14232K, reserved 1048576K
}
Event: 32.060 GC heap after
{Heap after GC invocations=38 (full 0):
 garbage-first heap   total 227328K, used 131624K [0x0000000080000000, 0x0000000100000000)
  region size 1024K, 3 young (3072K), 3 survivors (3072K)
 Metaspace       used 100311K, capacity 103359K, committed 103708K, reserved 1138688K
  class space    used 12879K, capacity 14045K, committed 14232K, reserved 1048576K
}
Event: 32.498 GC heap before
{Heap before GC invocations=39 (full 0):
 garbage-first heap   total 227328K, used 159272K [0x0000000080000000, 0x0000000100000000)
  region size 1024K, 30 young (30720K), 3 survivors (3072K)
 Metaspace       used 100685K, capacity 103854K, committed 104220K, reserved 1138688K
  class space    used 12917K, capacity 14093K, committed 14232K, reserved 1048576K
}
Event: 32.506 GC heap after
{Heap after GC invocations=40 (full 0):
 garbage-first heap   total 227328K, used 131892K [0x0000000080000000, 0x0000000100000000)
  region size 1024K, 3 young (3072K), 3 survivors (3072K)
 Metaspace       used 100685K, capacity 103854K, committed 104220K, reserved 1138688K
  class space    used 12917K, capacity 14093K, committed 14232K, reserved 1048576K
}
Event: 33.125 GC heap before
{Heap before GC invocations=41 (full 0):
 garbage-first heap   total 227328K, used 168756K [0x0000000080000000, 0x0000000100000000)
  region size 1024K, 38 young (38912K), 3 survivors (3072K)
 Metaspace       used 102840K, capacity 106038K, committed 106396K, reserved 1140736K
  class space    used 13184K, capacity 14434K, committed 14616K, reserved 1048576K
}
Event: 33.135 GC heap after
{Heap after GC invocations=42 (full 0):
 garbage-first heap   total 227328K, used 139108K [0x0000000080000000, 0x0000000100000000)
  region size 1024K, 7 young (7168K), 7 survivors (7168K)
 Metaspace       used 102840K, capacity 106038K, committed 106396K, reserved 1140736K
  class space    used 13184K, capacity 14434K, committed 14616K, reserved 1048576K
}
Event: 33.588 GC heap before
{Heap before GC invocations=43 (full 0):
 garbage-first heap   total 227328K, used 186212K [0x0000000080000000, 0x0000000100000000)
  region size 1024K, 54 young (55296K), 7 survivors (7168K)
 Metaspace       used 103937K, capacity 107183K, committed 107420K, reserved 1142784K
  class space    used 13241K, capacity 14473K, committed 14616K, reserved 1048576K
}
Event: 33.601 GC heap after
{Heap after GC invocations=44 (full 0):
 garbage-first heap   total 227328K, used 140733K [0x0000000080000000, 0x0000000100000000)
  region size 1024K, 3 young (3072K), 3 survivors (3072K)
 Metaspace       used 103937K, capacity 107183K, committed 107420K, reserved 1142784K
  class space    used 13241K, capacity 14473K, committed 14616K, reserved 1048576K
}
Event: 34.222 GC heap before
{Heap before GC invocations=45 (full 0):
 garbage-first heap   total 227328K, used 189885K [0x0000000080000000, 0x0000000100000000)
  region size 1024K, 50 young (51200K), 3 survivors (3072K)
 Metaspace       used 107583K, capacity 110768K, committed 110876K, reserved 1144832K
  class space    used 13664K, capacity 14901K, committed 15000K, reserved 1048576K
}
Event: 34.229 GC heap after
{Heap after GC invocations=46 (full 0):
 garbage-first heap   total 227328K, used 143660K [0x0000000080000000, 0x0000000100000000)
  region size 1024K, 6 young (6144K), 6 survivors (6144K)
 Metaspace       used 107583K, capacity 110768K, committed 110876K, reserved 1144832K
  class space    used 13664K, capacity 14901K, committed 15000K, reserved 1048576K
}
Event: 34.334 GC heap before
{Heap before GC invocations=46 (full 0):
 garbage-first heap   total 227328K, used 160044K [0x0000000080000000, 0x0000000100000000)
  region size 1024K, 24 young (24576K), 6 survivors (6144K)
 Metaspace       used 107712K, capacity 110937K, committed 111132K, reserved 1144832K
  class space    used 13673K, capacity 14936K, committed 15000K, reserved 1048576K
}
Event: 34.341 GC heap after
{Heap after GC invocations=47 (full 0):
 garbage-first heap   total 227328K, used 144553K [0x0000000080000000, 0x0000000100000000)
  region size 1024K, 5 young (5120K), 5 survivors (5120K)
 Metaspace       used 107712K, capacity 110937K, committed 111132K, reserved 1144832K
  class space    used 13673K, capacity 14936K, committed 15000K, reserved 1048576K
}
Event: 36.140 GC heap before
{Heap before GC invocations=48 (full 0):
 garbage-first heap   total 227328K, used 171177K [0x0000000080000000, 0x0000000100000000)
  region size 1024K, 31 young (31744K), 5 survivors (5120K)
 Metaspace       used 108847K, capacity 112112K, committed 112156K, reserved 1146880K
  class space    used 13753K, capacity 14983K, committed 15000K, reserved 1048576K
}
Event: 36.149 GC heap after
{Heap after GC invocations=49 (full 0):
 garbage-first heap   total 227328K, used 150879K [0x0000000080000000, 0x0000000100000000)
  region size 1024K, 7 young (7168K), 7 survivors (7168K)
 Metaspace       used 108847K, capacity 112112K, committed 112156K, reserved 1146880K
  class space    used 13753K, capacity 14983K, committed 15000K, reserved 1048576K
}

